<?xml version="1.0" encoding="UTF-8"?>
<!-- Generated by org.testng.reporters.JUnitXMLReporter -->
<testsuite ignored="0" hostname="LAPTOP-VRAFTVET" failures="1" tests="1" name="Test" time="0.06" errors="0" timestamp="2024-02-29T00:36:54 IST">
  <testcase classname="Axis.AXIS.Parameterized" name="parameterizedtest" time="0.0">
    <failure type="org.testng.TestNGException" message="
Parameter &amp;apos;browser&amp;apos; is required by @Test on method parameterizedtest but has not been marked @Optional or defined
in C:\Users\HP\eclipse-workspace\AXIS\testng.xml">
      <![CDATA[org.testng.TestNGException: 
Parameter 'browser' is required by @Test on method parameterizedtest but has not been marked @Optional or defined
in C:\Users\HP\eclipse-workspace\AXIS\testng.xml
at java.base/java.util.concurrent.Executors$RunnableAdapter.call(Executors.java:539)
at java.base/java.util.concurrent.FutureTask.run(FutureTask.java:264)
at java.base/java.util.concurrent.ThreadPoolExecutor.runWorker(ThreadPoolExecutor.java:1136)
at java.base/java.util.concurrent.ThreadPoolExecutor$Worker.run(ThreadPoolExecutor.java:635)
at java.base/java.lang.Thread.run(Thread.java:840)
... Removed 12 stack frames]]>
    </failure>
  </testcase> <!-- parameterizedtest -->
</testsuite> <!-- Test -->
